<?xml version="1.0" encoding="UTF-8"?>
<!-- Generated by org.testng.reporters.JUnitReportReporter -->
<testsuite hostname="Evgenia-PC" name="eabramovich.SearchFilmWithoutResult" tests="1" failures="0" timestamp="23 Feb 2016 20:52:14 GMT" time="4.652" errors="0">
  <testcase name="testSearchFilmWithoutResult" time="4.652" classname="eabramovich.SearchFilmWithoutResult"/>
</testsuite> <!-- eabramovich.SearchFilmWithoutResult -->
