<?xml version="1.0" encoding="UTF-8"?>
<!-- Generated by org.testng.reporters.JUnitReportReporter -->
<testsuite hostname="Evgenia-PC" name="ru.st.selenium.LoginTest" tests="2" failures="0" timestamp="28 Feb 2016 16:30:51 GMT" time="2.449" errors="0">
  <testcase name="testLoginFailed" time="0.809" classname="ru.st.selenium.LoginTest"/>
  <testcase name="testLoginOK" time="1.640" classname="ru.st.selenium.LoginTest"/>
</testsuite> <!-- ru.st.selenium.LoginTest -->
