<?xml version="1.0" encoding="UTF-8"?>
<!-- Generated by org.testng.reporters.JUnitReportReporter -->
<testsuite hostname="Evgenia-PC" name="eabramovich.LoginTest" tests="1" failures="0" timestamp="8 Feb 2016 19:28:55 GMT" time="5.040" errors="0">
  <testcase name="testUntitled" time="5.040" classname="eabramovich.LoginTest"/>
</testsuite> <!-- eabramovich.LoginTest -->
