<?xml version="1.0" encoding="UTF-8"?>
<!-- Generated by org.testng.reporters.JUnitReportReporter -->
<testsuite hostname="Evgenia-PC" name="eabramovich.RemoveFilmTest" tests="1" failures="0" timestamp="23 Feb 2016 18:50:46 GMT" time="4.722" errors="0">
  <testcase name="checkRemoveFilm" time="4.722" classname="eabramovich.RemoveFilmTest"/>
</testsuite> <!-- eabramovich.RemoveFilmTest -->
