<?xml version="1.0" encoding="UTF-8"?>
<!-- Generated by org.testng.reporters.JUnitReportReporter -->
<testsuite hostname="Evgenia-PC" name="eabramovich.EditFilmTest" tests="1" failures="0" timestamp="23 Feb 2016 20:50:44 GMT" time="7.499" errors="0">
  <testcase name="checkEditFilm" time="7.499" classname="eabramovich.EditFilmTest"/>
</testsuite> <!-- eabramovich.EditFilmTest -->
