<?xml version="1.0" encoding="UTF-8"?>
<!-- Generated by org.testng.reporters.JUnitReportReporter -->
<testsuite hostname="Evgenia-PC" name="eabramovich.AddFilmTest" tests="1" failures="0" timestamp="23 Feb 2016 20:50:21 GMT" time="5.196" errors="0">
  <testcase name="checkRequiredFields" time="5.196" classname="eabramovich.AddFilmTest"/>
</testsuite> <!-- eabramovich.AddFilmTest -->
