<?xml version="1.0" encoding="UTF-8"?>
<!-- Generated by org.testng.reporters.JUnitReportReporter -->
<testsuite hostname="Evgenia-PC" name="ru.st.selenium.AddNewUser" tests="1" failures="0" timestamp="28 Feb 2016 19:26:29 GMT" time="6.427" errors="0">
  <testcase name="addNewUserOk" time="6.427" classname="ru.st.selenium.AddNewUser"/>
</testsuite> <!-- ru.st.selenium.AddNewUser -->
