<?xml version="1.0" encoding="UTF-8"?>
<!-- Generated by org.testng.reporters.JUnitReportReporter -->
<testsuite hostname="Evgenia-PC" name="eabramovich.AddFilmTest$checkAddFilm" tests="1" failures="0" timestamp="23 Feb 2016 14:32:42 GMT" time="4.808" errors="0">
  <testcase name="checkRequiredFields" time="4.808" classname="eabramovich.AddFilmTest$checkAddFilm"/>
</testsuite> <!-- eabramovich.AddFilmTest$checkAddFilm -->
