<?xml version="1.0" encoding="UTF-8"?>
<!-- Generated by org.testng.reporters.JUnitReportReporter -->
<testsuite hostname="Evgenia-PC" name="eabramovich.MyFirstHomeWork" tests="1" failures="0" timestamp="10 Feb 2016 21:00:29 GMT" time="9.005" errors="0">
  <testcase name="testUntitled" time="9.005" classname="eabramovich.MyFirstHomeWork"/>
</testsuite> <!-- eabramovich.MyFirstHomeWork -->
