<?xml version="1.0" encoding="UTF-8"?>
<!-- Generated by org.testng.reporters.JUnitReportReporter -->
<testsuite hostname="Evgenia-PC" name="eabramovich.SearchFilmFromCatalog" tests="1" failures="0" timestamp="23 Feb 2016 20:51:43 GMT" time="7.355" errors="0">
  <testcase name="checkAddFilmFromCatalog" time="7.355" classname="eabramovich.SearchFilmFromCatalog"/>
</testsuite> <!-- eabramovich.SearchFilmFromCatalog -->
