<?xml version="1.0" encoding="UTF-8"?>
<!-- Generated by org.testng.reporters.JUnitReportReporter -->
<testsuite hostname="Evgenia-PC" name="eabramovich.LoginTest" tests="1" failures="0" timestamp="22 Feb 2016 18:52:16 GMT" time="6.187" errors="0">
  <testcase name="testUntitled" time="6.187" classname="eabramovich.LoginTest"/>
</testsuite> <!-- eabramovich.LoginTest -->
