<?xml version="1.0" encoding="UTF-8"?>
<!-- Generated by org.testng.reporters.JUnitReportReporter -->
<testsuite hostname="Evgenia-PC" name="eabramovich.LoginTest" tests="1" failures="0" timestamp="10 Feb 2016 19:31:51 GMT" time="4.129" errors="0">
  <testcase name="testUntitled" time="4.129" classname="eabramovich.LoginTest"/>
</testsuite> <!-- eabramovich.LoginTest -->
