<?xml version="1.0" encoding="UTF-8"?>
<!-- Generated by org.testng.reporters.JUnitReportReporter -->
<testsuite hostname="Evgenia-PC" name="ru.st.selenium.AddFilmTest" tests="1" failures="0" timestamp="28 Feb 2016 20:13:20 GMT" time="1.712" errors="0">
  <testcase name="checkRequiredFields" time="1.712" classname="ru.st.selenium.AddFilmTest"/>
</testsuite> <!-- ru.st.selenium.AddFilmTest -->
