<?xml version="1.0" encoding="UTF-8"?>
<!-- Generated by org.testng.reporters.JUnitReportReporter -->
<testsuite hostname="Evgenia-PC" name="eabramovich.HomePageTest" tests="2" failures="0" timestamp="6 Feb 2016 19:02:30 GMT" time="0.001" errors="2">
  <testcase name="test2" time="0.001" classname="eabramovich.HomePageTest">
    <error type="org.openqa.selenium.WebDriverException" message="Failed to connect to binary FirefoxBinary(C:\Program Files (x86)\Mozilla Firefox\firefox.exe) on port 7055; process output follows: 
g and malware sites, improving your browsing overall browsing experience with crowd sourced web reputation rating.&quot;,&quot;creator&quot;:&quot;AVAST Software&quot;,&quot;homepageURL&quot;:&quot;http://www.avast.com/&quot;},&quot;visible&quot;:true,&quot;active&quot;:false,&quot;userDisabled&quot;:true,&quot;appDisabled&quot;:false,&quot;descriptor&quot;:&quot;C:\\Program Files\\AVAST Software\\Avast\\WebRep\\FF&quot;,&quot;installDate&quot;:1448811328084,&quot;updateDate&quot;:1448811328084,&quot;applyBackgroundUpdates&quot;:1,&quot;bootstrap&quot;:true,&quot;size&quot;:2176873,&quot;sourceURI&quot;:null,&quot;releaseNotesURI&quot;:null,&quot;softDisabled&quot;:false,&quot;foreignInstall&quot;:true,&quot;hasBinaryComponents&quot;:false,&quot;strictCompatibility&quot;:false,&quot;locales&quot;:[],&quot;targetApplications&quot;:[{&quot;id&quot;:&quot;{ec8030f7-c20a-464f-9b0e-13a3a9e97384}&quot;,&quot;minVersion&quot;:&quot;38.0a1&quot;,&quot;maxVersion&quot;:&quot;43.0&quot;}],&quot;targetPlatforms&quot;:[],&quot;multiprocessCompatible&quot;:false,&quot;signedState&quot;:2}
1454785305307	addons.xpi	DEBUG	Updating XPIState for {&quot;id&quot;:&quot;sp@avast.com&quot;,&quot;syncGUID&quot;:&quot;63x86W2rY4Tx&quot;,&quot;location&quot;:&quot;winreg-app-global&quot;,&quot;version&quot;:&quot;10.3.5.13&quot;,&quot;type&quot;:&quot;extension&quot;,&quot;internalName&quot;:null,&quot;updateURL&quot;:null,&quot;updateKey&quot;:null,&quot;optionsURL&quot;:null,&quot;optionsType&quot;:null,&quot;aboutURL&quot;:null,&quot;icons&quot;:{},&quot;iconURL&quot;:&quot;chrome://sp/content/common/skin/img/logo-safeprice-48.png&quot;,&quot;icon64URL&quot;:null,&quot;defaultLocale&quot;:{&quot;name&quot;:&quot;Avast SafePrice&quot;,&quot;description&quot;:&quot;Safe shopping extension&quot;,&quot;creator&quot;:&quot;AVAST Software&quot;,&quot;homepageURL&quot;:&quot;http://www.avast.com/&quot;},&quot;visible&quot;:true,&quot;active&quot;:false,&quot;userDisabled&quot;:true,&quot;appDisabled&quot;:false,&quot;descriptor&quot;:&quot;C:\\Program Files\\AVAST Software\\Avast\\SafePrice\\FF&quot;,&quot;installDate&quot;:1448811113757,&quot;updateDate&quot;:1448811113757,&quot;applyBackgroundUpdates&quot;:1,&quot;bootstrap&quot;:true,&quot;size&quot;:1879523,&quot;sourceURI&quot;:null,&quot;releaseNotesURI&quot;:null,&quot;softDisabled&quot;:false,&quot;foreignInstall&quot;:true,&quot;hasBinaryComponents&quot;:false,&quot;strictCompatibility&quot;:false,&quot;locales&quot;:[],&quot;targetApplications&quot;:[{&quot;id&quot;:&quot;{ec8030f7-c20a-464f-9b0e-13a3a9e97384}&quot;,&quot;minVersion&quot;:&quot;38.0a1&quot;,&quot;maxVersion&quot;:&quot;43.0&quot;}],&quot;targetPlatforms&quot;:[],&quot;multiprocessCompatible&quot;:false,&quot;signedState&quot;:2}
1454785305307	DeferredSave.extensions.json	DEBUG	Save changes
1454785305308	addons.xpi	DEBUG	Updating database with changes to installed add-ons
1454785305308	addons.xpi-utils	DEBUG	Updating add-on states
1454785305309	addons.xpi-utils	DEBUG	Writing add-ons list
1454785305316	addons.manager	DEBUG	Registering shutdown blocker for XPIProvider
1454785305316	addons.manager	DEBUG	Provider finished startup: XPIProvider
1454785305316	addons.manager	DEBUG	Starting provider: LightweightThemeManager
1454785305316	addons.manager	DEBUG	Registering shutdown blocker for LightweightThemeManager
1454785305317	addons.manager	DEBUG	Provider finished startup: LightweightThemeManager
1454785305317	addons.manager	DEBUG	Starting provider: GMPProvider
1454785305326	addons.manager	DEBUG	Registering shutdown blocker for GMPProvider
1454785305326	addons.manager	DEBUG	Provider finished startup: GMPProvider
1454785305326	addons.manager	DEBUG	Starting provider: PluginProvider
1454785305327	addons.manager	DEBUG	Registering shutdown blocker for PluginProvider
1454785305327	addons.manager	DEBUG	Provider finished startup: PluginProvider
1454785305327	addons.manager	DEBUG	Completed startup sequence
1454785308878	addons.manager	DEBUG	Starting provider: &lt;unnamed-provider&gt;
1454785308879	addons.manager	DEBUG	Registering shutdown blocker for &lt;unnamed-provider&gt;
1454785308882	addons.manager	DEBUG	Provider finished startup: &lt;unnamed-provider&gt;
1454785310646	DeferredSave.extensions.json	DEBUG	Starting timer
1454785310684	DeferredSave.extensions.json	DEBUG	Starting write
1454785310959	addons.repository	DEBUG	No addons.json found.
1454785310959	DeferredSave.addons.json	DEBUG	Save changes
1454785311005	DeferredSave.addons.json	DEBUG	Starting timer
1454785311117	addons.manager	DEBUG	Starting provider: PreviousExperimentProvider
1454785311117	addons.manager	DEBUG	Registering shutdown blocker for PreviousExperimentProvider
1454785311117	addons.manager	DEBUG	Provider finished startup: PreviousExperimentProvider
1454785311134	DeferredSave.addons.json	DEBUG	Starting write
1454785311233	DeferredSave.extensions.json	DEBUG	Write succeeded
1454785313289	DeferredSave.addons.json	DEBUG	Write succeeded

Build info: version: &#039;2.46.0&#039;, revision: &#039;61506a4624b13675f24581e453592342b7485d71&#039;, time: &#039;2015-06-04 10:22:50&#039;
System info: host: &#039;Evgenia-PC&#039;, ip: &#039;192.168.56.1&#039;, os.name: &#039;Windows 7&#039;, os.arch: &#039;amd64&#039;, os.version: &#039;6.1&#039;, java.version: &#039;1.8.0_60&#039;
Driver info: driver.version: FirefoxDriver">
      <![CDATA[org.openqa.selenium.WebDriverException: Failed to connect to binary FirefoxBinary(C:\Program Files (x86)\Mozilla Firefox\firefox.exe) on port 7055; process output follows: 
g and malware sites, improving your browsing overall browsing experience with crowd sourced web reputation rating.","creator":"AVAST Software","homepageURL":"http://www.avast.com/"},"visible":true,"active":false,"userDisabled":true,"appDisabled":false,"descriptor":"C:\\Program Files\\AVAST Software\\Avast\\WebRep\\FF","installDate":1448811328084,"updateDate":1448811328084,"applyBackgroundUpdates":1,"bootstrap":true,"size":2176873,"sourceURI":null,"releaseNotesURI":null,"softDisabled":false,"foreignInstall":true,"hasBinaryComponents":false,"strictCompatibility":false,"locales":[],"targetApplications":[{"id":"{ec8030f7-c20a-464f-9b0e-13a3a9e97384}","minVersion":"38.0a1","maxVersion":"43.0"}],"targetPlatforms":[],"multiprocessCompatible":false,"signedState":2}
1454785305307	addons.xpi	DEBUG	Updating XPIState for {"id":"sp@avast.com","syncGUID":"63x86W2rY4Tx","location":"winreg-app-global","version":"10.3.5.13","type":"extension","internalName":null,"updateURL":null,"updateKey":null,"optionsURL":null,"optionsType":null,"aboutURL":null,"icons":{},"iconURL":"chrome://sp/content/common/skin/img/logo-safeprice-48.png","icon64URL":null,"defaultLocale":{"name":"Avast SafePrice","description":"Safe shopping extension","creator":"AVAST Software","homepageURL":"http://www.avast.com/"},"visible":true,"active":false,"userDisabled":true,"appDisabled":false,"descriptor":"C:\\Program Files\\AVAST Software\\Avast\\SafePrice\\FF","installDate":1448811113757,"updateDate":1448811113757,"applyBackgroundUpdates":1,"bootstrap":true,"size":1879523,"sourceURI":null,"releaseNotesURI":null,"softDisabled":false,"foreignInstall":true,"hasBinaryComponents":false,"strictCompatibility":false,"locales":[],"targetApplications":[{"id":"{ec8030f7-c20a-464f-9b0e-13a3a9e97384}","minVersion":"38.0a1","maxVersion":"43.0"}],"targetPlatforms":[],"multiprocessCompatible":false,"signedState":2}
1454785305307	DeferredSave.extensions.json	DEBUG	Save changes
1454785305308	addons.xpi	DEBUG	Updating database with changes to installed add-ons
1454785305308	addons.xpi-utils	DEBUG	Updating add-on states
1454785305309	addons.xpi-utils	DEBUG	Writing add-ons list
1454785305316	addons.manager	DEBUG	Registering shutdown blocker for XPIProvider
1454785305316	addons.manager	DEBUG	Provider finished startup: XPIProvider
1454785305316	addons.manager	DEBUG	Starting provider: LightweightThemeManager
1454785305316	addons.manager	DEBUG	Registering shutdown blocker for LightweightThemeManager
1454785305317	addons.manager	DEBUG	Provider finished startup: LightweightThemeManager
1454785305317	addons.manager	DEBUG	Starting provider: GMPProvider
1454785305326	addons.manager	DEBUG	Registering shutdown blocker for GMPProvider
1454785305326	addons.manager	DEBUG	Provider finished startup: GMPProvider
1454785305326	addons.manager	DEBUG	Starting provider: PluginProvider
1454785305327	addons.manager	DEBUG	Registering shutdown blocker for PluginProvider
1454785305327	addons.manager	DEBUG	Provider finished startup: PluginProvider
1454785305327	addons.manager	DEBUG	Completed startup sequence
1454785308878	addons.manager	DEBUG	Starting provider: <unnamed-provider>
1454785308879	addons.manager	DEBUG	Registering shutdown blocker for <unnamed-provider>
1454785308882	addons.manager	DEBUG	Provider finished startup: <unnamed-provider>
1454785310646	DeferredSave.extensions.json	DEBUG	Starting timer
1454785310684	DeferredSave.extensions.json	DEBUG	Starting write
1454785310959	addons.repository	DEBUG	No addons.json found.
1454785310959	DeferredSave.addons.json	DEBUG	Save changes
1454785311005	DeferredSave.addons.json	DEBUG	Starting timer
1454785311117	addons.manager	DEBUG	Starting provider: PreviousExperimentProvider
1454785311117	addons.manager	DEBUG	Registering shutdown blocker for PreviousExperimentProvider
1454785311117	addons.manager	DEBUG	Provider finished startup: PreviousExperimentProvider
1454785311134	DeferredSave.addons.json	DEBUG	Starting write
1454785311233	DeferredSave.extensions.json	DEBUG	Write succeeded
1454785313289	DeferredSave.addons.json	DEBUG	Write succeeded

Build info: version: '2.46.0', revision: '61506a4624b13675f24581e453592342b7485d71', time: '2015-06-04 10:22:50'
System info: host: 'Evgenia-PC', ip: '192.168.56.1', os.name: 'Windows 7', os.arch: 'amd64', os.version: '6.1', java.version: '1.8.0_60'
Driver info: driver.version: FirefoxDriver
	at org.openqa.selenium.firefox.internal.NewProfileExtensionConnection.start(NewProfileExtensionConnection.java:132)
	at org.openqa.selenium.firefox.FirefoxDriver.startClient(FirefoxDriver.java:275)
	at org.openqa.selenium.remote.RemoteWebDriver.<init>(RemoteWebDriver.java:116)
	at org.openqa.selenium.firefox.FirefoxDriver.<init>(FirefoxDriver.java:220)
	at org.openqa.selenium.firefox.FirefoxDriver.<init>(FirefoxDriver.java:215)
	at org.openqa.selenium.firefox.FirefoxDriver.<init>(FirefoxDriver.java:132)
	at ru.stqa.selenium.factory.WebDriverFactoryInternal.createLocalDriver(WebDriverFactoryInternal.java:74)
	at ru.stqa.selenium.factory.WebDriverFactoryInternal.newDriver(WebDriverFactoryInternal.java:58)
	at ru.stqa.selenium.factory.ThreadLocalSingletonStorage.createNewDriver(ThreadLocalSingletonStorage.java:91)
	at ru.stqa.selenium.factory.ThreadLocalSingletonStorage.getDriver(ThreadLocalSingletonStorage.java:36)
	at ru.stqa.selenium.factory.WebDriverFactoryInternal.getDriver(WebDriverFactoryInternal.java:49)
	at ru.stqa.selenium.factory.WebDriverFactory.getDriver(WebDriverFactory.java:39)
	at eabramovich.TestBase.init(TestBase.java:42)
	at sun.reflect.NativeMethodAccessorImpl.invoke0(Native Method)
	at sun.reflect.NativeMethodAccessorImpl.invoke(NativeMethodAccessorImpl.java:62)
	at sun.reflect.DelegatingMethodAccessorImpl.invoke(DelegatingMethodAccessorImpl.java:43)
	at java.lang.reflect.Method.invoke(Method.java:497)
	at org.testng.internal.MethodInvocationHelper.invokeMethod(MethodInvocationHelper.java:85)
	at org.testng.internal.Invoker.invokeConfigurationMethod(Invoker.java:517)
	at org.testng.internal.Invoker.invokeConfigurations(Invoker.java:213)
	at org.testng.internal.Invoker.invokeConfigurations(Invoker.java:140)
	at org.testng.internal.TestMethodWorker.invokeBeforeClassMethods(TestMethodWorker.java:170)
	at org.testng.internal.TestMethodWorker.run(TestMethodWorker.java:104)
	at org.testng.TestRunner.privateRun(TestRunner.java:771)
	at org.testng.TestRunner.run(TestRunner.java:621)
	at org.testng.SuiteRunner.runTest(SuiteRunner.java:357)
	at org.testng.SuiteRunner.runSequentially(SuiteRunner.java:352)
	at org.testng.SuiteRunner.privateRun(SuiteRunner.java:310)
	at org.testng.SuiteRunner.run(SuiteRunner.java:259)
	at org.testng.SuiteRunnerWorker.runSuite(SuiteRunnerWorker.java:52)
	at org.testng.SuiteRunnerWorker.run(SuiteRunnerWorker.java:86)
	at org.testng.TestNG.runSuitesSequentially(TestNG.java:1199)
	at org.testng.TestNG.runSuitesLocally(TestNG.java:1124)
	at org.testng.TestNG.run(TestNG.java:1032)
	at org.apache.maven.surefire.testng.TestNGExecutor.run(TestNGExecutor.java:217)
	at org.apache.maven.surefire.testng.TestNGXmlTestSuite.execute(TestNGXmlTestSuite.java:84)
	at org.apache.maven.surefire.testng.TestNGProvider.invoke(TestNGProvider.java:92)
	at org.apache.maven.surefire.booter.ForkedBooter.invokeProviderInSameClassLoader(ForkedBooter.java:200)
	at org.apache.maven.surefire.booter.ForkedBooter.runSuitesInProcess(ForkedBooter.java:153)
	at org.apache.maven.surefire.booter.ForkedBooter.main(ForkedBooter.java:103)
Caused by: org.openqa.selenium.firefox.NotConnectedException: Unable to connect to host 127.0.0.1 on port 7055 after 45000 ms. Firefox console output:
g and malware sites, improving your browsing overall browsing experience with crowd sourced web reputation rating.","creator":"AVAST Software","homepageURL":"http://www.avast.com/"},"visible":true,"active":false,"userDisabled":true,"appDisabled":false,"descriptor":"C:\\Program Files\\AVAST Software\\Avast\\WebRep\\FF","installDate":1448811328084,"updateDate":1448811328084,"applyBackgroundUpdates":1,"bootstrap":true,"size":2176873,"sourceURI":null,"releaseNotesURI":null,"softDisabled":false,"foreignInstall":true,"hasBinaryComponents":false,"strictCompatibility":false,"locales":[],"targetApplications":[{"id":"{ec8030f7-c20a-464f-9b0e-13a3a9e97384}","minVersion":"38.0a1","maxVersion":"43.0"}],"targetPlatforms":[],"multiprocessCompatible":false,"signedState":2}
1454785305307	addons.xpi	DEBUG	Updating XPIState for {"id":"sp@avast.com","syncGUID":"63x86W2rY4Tx","location":"winreg-app-global","version":"10.3.5.13","type":"extension","internalName":null,"updateURL":null,"updateKey":null,"optionsURL":null,"optionsType":null,"aboutURL":null,"icons":{},"iconURL":"chrome://sp/content/common/skin/img/logo-safeprice-48.png","icon64URL":null,"defaultLocale":{"name":"Avast SafePrice","description":"Safe shopping extension","creator":"AVAST Software","homepageURL":"http://www.avast.com/"},"visible":true,"active":false,"userDisabled":true,"appDisabled":false,"descriptor":"C:\\Program Files\\AVAST Software\\Avast\\SafePrice\\FF","installDate":1448811113757,"updateDate":1448811113757,"applyBackgroundUpdates":1,"bootstrap":true,"size":1879523,"sourceURI":null,"releaseNotesURI":null,"softDisabled":false,"foreignInstall":true,"hasBinaryComponents":false,"strictCompatibility":false,"locales":[],"targetApplications":[{"id":"{ec8030f7-c20a-464f-9b0e-13a3a9e97384}","minVersion":"38.0a1","maxVersion":"43.0"}],"targetPlatforms":[],"multiprocessCompatible":false,"signedState":2}
1454785305307	DeferredSave.extensions.json	DEBUG	Save changes
1454785305308	addons.xpi	DEBUG	Updating database with changes to installed add-ons
1454785305308	addons.xpi-utils	DEBUG	Updating add-on states
1454785305309	addons.xpi-utils	DEBUG	Writing add-ons list
1454785305316	addons.manager	DEBUG	Registering shutdown blocker for XPIProvider
1454785305316	addons.manager	DEBUG	Provider finished startup: XPIProvider
1454785305316	addons.manager	DEBUG	Starting provider: LightweightThemeManager
1454785305316	addons.manager	DEBUG	Registering shutdown blocker for LightweightThemeManager
1454785305317	addons.manager	DEBUG	Provider finished startup: LightweightThemeManager
1454785305317	addons.manager	DEBUG	Starting provider: GMPProvider
1454785305326	addons.manager	DEBUG	Registering shutdown blocker for GMPProvider
1454785305326	addons.manager	DEBUG	Provider finished startup: GMPProvider
1454785305326	addons.manager	DEBUG	Starting provider: PluginProvider
1454785305327	addons.manager	DEBUG	Registering shutdown blocker for PluginProvider
1454785305327	addons.manager	DEBUG	Provider finished startup: PluginProvider
1454785305327	addons.manager	DEBUG	Completed startup sequence
1454785308878	addons.manager	DEBUG	Starting provider: <unnamed-provider>
1454785308879	addons.manager	DEBUG	Registering shutdown blocker for <unnamed-provider>
1454785308882	addons.manager	DEBUG	Provider finished startup: <unnamed-provider>
1454785310646	DeferredSave.extensions.json	DEBUG	Starting timer
1454785310684	DeferredSave.extensions.json	DEBUG	Starting write
1454785310959	addons.repository	DEBUG	No addons.json found.
1454785310959	DeferredSave.addons.json	DEBUG	Save changes
1454785311005	DeferredSave.addons.json	DEBUG	Starting timer
1454785311117	addons.manager	DEBUG	Starting provider: PreviousExperimentProvider
1454785311117	addons.manager	DEBUG	Registering shutdown blocker for PreviousExperimentProvider
1454785311117	addons.manager	DEBUG	Provider finished startup: PreviousExperimentProvider
1454785311134	DeferredSave.addons.json	DEBUG	Starting write
1454785311233	DeferredSave.extensions.json	DEBUG	Write succeeded
1454785313289	DeferredSave.addons.json	DEBUG	Write succeeded

	at org.openqa.selenium.firefox.internal.NewProfileExtensionConnection.start(NewProfileExtensionConnection.java:120)
	... 39 more
]]>
    </error>
  </testcase> <!-- test2 -->
  <testcase name="testH1Existing" time="0.000" classname="eabramovich.HomePageTest">
    <error type="org.openqa.selenium.WebDriverException" message="Failed to connect to binary FirefoxBinary(C:\Program Files (x86)\Mozilla Firefox\firefox.exe) on port 7055; process output follows: 
g and malware sites, improving your browsing overall browsing experience with crowd sourced web reputation rating.&quot;,&quot;creator&quot;:&quot;AVAST Software&quot;,&quot;homepageURL&quot;:&quot;http://www.avast.com/&quot;},&quot;visible&quot;:true,&quot;active&quot;:false,&quot;userDisabled&quot;:true,&quot;appDisabled&quot;:false,&quot;descriptor&quot;:&quot;C:\\Program Files\\AVAST Software\\Avast\\WebRep\\FF&quot;,&quot;installDate&quot;:1448811328084,&quot;updateDate&quot;:1448811328084,&quot;applyBackgroundUpdates&quot;:1,&quot;bootstrap&quot;:true,&quot;size&quot;:2176873,&quot;sourceURI&quot;:null,&quot;releaseNotesURI&quot;:null,&quot;softDisabled&quot;:false,&quot;foreignInstall&quot;:true,&quot;hasBinaryComponents&quot;:false,&quot;strictCompatibility&quot;:false,&quot;locales&quot;:[],&quot;targetApplications&quot;:[{&quot;id&quot;:&quot;{ec8030f7-c20a-464f-9b0e-13a3a9e97384}&quot;,&quot;minVersion&quot;:&quot;38.0a1&quot;,&quot;maxVersion&quot;:&quot;43.0&quot;}],&quot;targetPlatforms&quot;:[],&quot;multiprocessCompatible&quot;:false,&quot;signedState&quot;:2}
1454785305307	addons.xpi	DEBUG	Updating XPIState for {&quot;id&quot;:&quot;sp@avast.com&quot;,&quot;syncGUID&quot;:&quot;63x86W2rY4Tx&quot;,&quot;location&quot;:&quot;winreg-app-global&quot;,&quot;version&quot;:&quot;10.3.5.13&quot;,&quot;type&quot;:&quot;extension&quot;,&quot;internalName&quot;:null,&quot;updateURL&quot;:null,&quot;updateKey&quot;:null,&quot;optionsURL&quot;:null,&quot;optionsType&quot;:null,&quot;aboutURL&quot;:null,&quot;icons&quot;:{},&quot;iconURL&quot;:&quot;chrome://sp/content/common/skin/img/logo-safeprice-48.png&quot;,&quot;icon64URL&quot;:null,&quot;defaultLocale&quot;:{&quot;name&quot;:&quot;Avast SafePrice&quot;,&quot;description&quot;:&quot;Safe shopping extension&quot;,&quot;creator&quot;:&quot;AVAST Software&quot;,&quot;homepageURL&quot;:&quot;http://www.avast.com/&quot;},&quot;visible&quot;:true,&quot;active&quot;:false,&quot;userDisabled&quot;:true,&quot;appDisabled&quot;:false,&quot;descriptor&quot;:&quot;C:\\Program Files\\AVAST Software\\Avast\\SafePrice\\FF&quot;,&quot;installDate&quot;:1448811113757,&quot;updateDate&quot;:1448811113757,&quot;applyBackgroundUpdates&quot;:1,&quot;bootstrap&quot;:true,&quot;size&quot;:1879523,&quot;sourceURI&quot;:null,&quot;releaseNotesURI&quot;:null,&quot;softDisabled&quot;:false,&quot;foreignInstall&quot;:true,&quot;hasBinaryComponents&quot;:false,&quot;strictCompatibility&quot;:false,&quot;locales&quot;:[],&quot;targetApplications&quot;:[{&quot;id&quot;:&quot;{ec8030f7-c20a-464f-9b0e-13a3a9e97384}&quot;,&quot;minVersion&quot;:&quot;38.0a1&quot;,&quot;maxVersion&quot;:&quot;43.0&quot;}],&quot;targetPlatforms&quot;:[],&quot;multiprocessCompatible&quot;:false,&quot;signedState&quot;:2}
1454785305307	DeferredSave.extensions.json	DEBUG	Save changes
1454785305308	addons.xpi	DEBUG	Updating database with changes to installed add-ons
1454785305308	addons.xpi-utils	DEBUG	Updating add-on states
1454785305309	addons.xpi-utils	DEBUG	Writing add-ons list
1454785305316	addons.manager	DEBUG	Registering shutdown blocker for XPIProvider
1454785305316	addons.manager	DEBUG	Provider finished startup: XPIProvider
1454785305316	addons.manager	DEBUG	Starting provider: LightweightThemeManager
1454785305316	addons.manager	DEBUG	Registering shutdown blocker for LightweightThemeManager
1454785305317	addons.manager	DEBUG	Provider finished startup: LightweightThemeManager
1454785305317	addons.manager	DEBUG	Starting provider: GMPProvider
1454785305326	addons.manager	DEBUG	Registering shutdown blocker for GMPProvider
1454785305326	addons.manager	DEBUG	Provider finished startup: GMPProvider
1454785305326	addons.manager	DEBUG	Starting provider: PluginProvider
1454785305327	addons.manager	DEBUG	Registering shutdown blocker for PluginProvider
1454785305327	addons.manager	DEBUG	Provider finished startup: PluginProvider
1454785305327	addons.manager	DEBUG	Completed startup sequence
1454785308878	addons.manager	DEBUG	Starting provider: &lt;unnamed-provider&gt;
1454785308879	addons.manager	DEBUG	Registering shutdown blocker for &lt;unnamed-provider&gt;
1454785308882	addons.manager	DEBUG	Provider finished startup: &lt;unnamed-provider&gt;
1454785310646	DeferredSave.extensions.json	DEBUG	Starting timer
1454785310684	DeferredSave.extensions.json	DEBUG	Starting write
1454785310959	addons.repository	DEBUG	No addons.json found.
1454785310959	DeferredSave.addons.json	DEBUG	Save changes
1454785311005	DeferredSave.addons.json	DEBUG	Starting timer
1454785311117	addons.manager	DEBUG	Starting provider: PreviousExperimentProvider
1454785311117	addons.manager	DEBUG	Registering shutdown blocker for PreviousExperimentProvider
1454785311117	addons.manager	DEBUG	Provider finished startup: PreviousExperimentProvider
1454785311134	DeferredSave.addons.json	DEBUG	Starting write
1454785311233	DeferredSave.extensions.json	DEBUG	Write succeeded
1454785313289	DeferredSave.addons.json	DEBUG	Write succeeded

Build info: version: &#039;2.46.0&#039;, revision: &#039;61506a4624b13675f24581e453592342b7485d71&#039;, time: &#039;2015-06-04 10:22:50&#039;
System info: host: &#039;Evgenia-PC&#039;, ip: &#039;192.168.56.1&#039;, os.name: &#039;Windows 7&#039;, os.arch: &#039;amd64&#039;, os.version: &#039;6.1&#039;, java.version: &#039;1.8.0_60&#039;
Driver info: driver.version: FirefoxDriver">
      <![CDATA[org.openqa.selenium.WebDriverException: Failed to connect to binary FirefoxBinary(C:\Program Files (x86)\Mozilla Firefox\firefox.exe) on port 7055; process output follows: 
g and malware sites, improving your browsing overall browsing experience with crowd sourced web reputation rating.","creator":"AVAST Software","homepageURL":"http://www.avast.com/"},"visible":true,"active":false,"userDisabled":true,"appDisabled":false,"descriptor":"C:\\Program Files\\AVAST Software\\Avast\\WebRep\\FF","installDate":1448811328084,"updateDate":1448811328084,"applyBackgroundUpdates":1,"bootstrap":true,"size":2176873,"sourceURI":null,"releaseNotesURI":null,"softDisabled":false,"foreignInstall":true,"hasBinaryComponents":false,"strictCompatibility":false,"locales":[],"targetApplications":[{"id":"{ec8030f7-c20a-464f-9b0e-13a3a9e97384}","minVersion":"38.0a1","maxVersion":"43.0"}],"targetPlatforms":[],"multiprocessCompatible":false,"signedState":2}
1454785305307	addons.xpi	DEBUG	Updating XPIState for {"id":"sp@avast.com","syncGUID":"63x86W2rY4Tx","location":"winreg-app-global","version":"10.3.5.13","type":"extension","internalName":null,"updateURL":null,"updateKey":null,"optionsURL":null,"optionsType":null,"aboutURL":null,"icons":{},"iconURL":"chrome://sp/content/common/skin/img/logo-safeprice-48.png","icon64URL":null,"defaultLocale":{"name":"Avast SafePrice","description":"Safe shopping extension","creator":"AVAST Software","homepageURL":"http://www.avast.com/"},"visible":true,"active":false,"userDisabled":true,"appDisabled":false,"descriptor":"C:\\Program Files\\AVAST Software\\Avast\\SafePrice\\FF","installDate":1448811113757,"updateDate":1448811113757,"applyBackgroundUpdates":1,"bootstrap":true,"size":1879523,"sourceURI":null,"releaseNotesURI":null,"softDisabled":false,"foreignInstall":true,"hasBinaryComponents":false,"strictCompatibility":false,"locales":[],"targetApplications":[{"id":"{ec8030f7-c20a-464f-9b0e-13a3a9e97384}","minVersion":"38.0a1","maxVersion":"43.0"}],"targetPlatforms":[],"multiprocessCompatible":false,"signedState":2}
1454785305307	DeferredSave.extensions.json	DEBUG	Save changes
1454785305308	addons.xpi	DEBUG	Updating database with changes to installed add-ons
1454785305308	addons.xpi-utils	DEBUG	Updating add-on states
1454785305309	addons.xpi-utils	DEBUG	Writing add-ons list
1454785305316	addons.manager	DEBUG	Registering shutdown blocker for XPIProvider
1454785305316	addons.manager	DEBUG	Provider finished startup: XPIProvider
1454785305316	addons.manager	DEBUG	Starting provider: LightweightThemeManager
1454785305316	addons.manager	DEBUG	Registering shutdown blocker for LightweightThemeManager
1454785305317	addons.manager	DEBUG	Provider finished startup: LightweightThemeManager
1454785305317	addons.manager	DEBUG	Starting provider: GMPProvider
1454785305326	addons.manager	DEBUG	Registering shutdown blocker for GMPProvider
1454785305326	addons.manager	DEBUG	Provider finished startup: GMPProvider
1454785305326	addons.manager	DEBUG	Starting provider: PluginProvider
1454785305327	addons.manager	DEBUG	Registering shutdown blocker for PluginProvider
1454785305327	addons.manager	DEBUG	Provider finished startup: PluginProvider
1454785305327	addons.manager	DEBUG	Completed startup sequence
1454785308878	addons.manager	DEBUG	Starting provider: <unnamed-provider>
1454785308879	addons.manager	DEBUG	Registering shutdown blocker for <unnamed-provider>
1454785308882	addons.manager	DEBUG	Provider finished startup: <unnamed-provider>
1454785310646	DeferredSave.extensions.json	DEBUG	Starting timer
1454785310684	DeferredSave.extensions.json	DEBUG	Starting write
1454785310959	addons.repository	DEBUG	No addons.json found.
1454785310959	DeferredSave.addons.json	DEBUG	Save changes
1454785311005	DeferredSave.addons.json	DEBUG	Starting timer
1454785311117	addons.manager	DEBUG	Starting provider: PreviousExperimentProvider
1454785311117	addons.manager	DEBUG	Registering shutdown blocker for PreviousExperimentProvider
1454785311117	addons.manager	DEBUG	Provider finished startup: PreviousExperimentProvider
1454785311134	DeferredSave.addons.json	DEBUG	Starting write
1454785311233	DeferredSave.extensions.json	DEBUG	Write succeeded
1454785313289	DeferredSave.addons.json	DEBUG	Write succeeded

Build info: version: '2.46.0', revision: '61506a4624b13675f24581e453592342b7485d71', time: '2015-06-04 10:22:50'
System info: host: 'Evgenia-PC', ip: '192.168.56.1', os.name: 'Windows 7', os.arch: 'amd64', os.version: '6.1', java.version: '1.8.0_60'
Driver info: driver.version: FirefoxDriver
	at org.openqa.selenium.firefox.internal.NewProfileExtensionConnection.start(NewProfileExtensionConnection.java:132)
	at org.openqa.selenium.firefox.FirefoxDriver.startClient(FirefoxDriver.java:275)
	at org.openqa.selenium.remote.RemoteWebDriver.<init>(RemoteWebDriver.java:116)
	at org.openqa.selenium.firefox.FirefoxDriver.<init>(FirefoxDriver.java:220)
	at org.openqa.selenium.firefox.FirefoxDriver.<init>(FirefoxDriver.java:215)
	at org.openqa.selenium.firefox.FirefoxDriver.<init>(FirefoxDriver.java:132)
	at ru.stqa.selenium.factory.WebDriverFactoryInternal.createLocalDriver(WebDriverFactoryInternal.java:74)
	at ru.stqa.selenium.factory.WebDriverFactoryInternal.newDriver(WebDriverFactoryInternal.java:58)
	at ru.stqa.selenium.factory.ThreadLocalSingletonStorage.createNewDriver(ThreadLocalSingletonStorage.java:91)
	at ru.stqa.selenium.factory.ThreadLocalSingletonStorage.getDriver(ThreadLocalSingletonStorage.java:36)
	at ru.stqa.selenium.factory.WebDriverFactoryInternal.getDriver(WebDriverFactoryInternal.java:49)
	at ru.stqa.selenium.factory.WebDriverFactory.getDriver(WebDriverFactory.java:39)
	at eabramovich.TestBase.init(TestBase.java:42)
	at sun.reflect.NativeMethodAccessorImpl.invoke0(Native Method)
	at sun.reflect.NativeMethodAccessorImpl.invoke(NativeMethodAccessorImpl.java:62)
	at sun.reflect.DelegatingMethodAccessorImpl.invoke(DelegatingMethodAccessorImpl.java:43)
	at java.lang.reflect.Method.invoke(Method.java:497)
	at org.testng.internal.MethodInvocationHelper.invokeMethod(MethodInvocationHelper.java:85)
	at org.testng.internal.Invoker.invokeConfigurationMethod(Invoker.java:517)
	at org.testng.internal.Invoker.invokeConfigurations(Invoker.java:213)
	at org.testng.internal.Invoker.invokeConfigurations(Invoker.java:140)
	at org.testng.internal.TestMethodWorker.invokeBeforeClassMethods(TestMethodWorker.java:170)
	at org.testng.internal.TestMethodWorker.run(TestMethodWorker.java:104)
	at org.testng.TestRunner.privateRun(TestRunner.java:771)
	at org.testng.TestRunner.run(TestRunner.java:621)
	at org.testng.SuiteRunner.runTest(SuiteRunner.java:357)
	at org.testng.SuiteRunner.runSequentially(SuiteRunner.java:352)
	at org.testng.SuiteRunner.privateRun(SuiteRunner.java:310)
	at org.testng.SuiteRunner.run(SuiteRunner.java:259)
	at org.testng.SuiteRunnerWorker.runSuite(SuiteRunnerWorker.java:52)
	at org.testng.SuiteRunnerWorker.run(SuiteRunnerWorker.java:86)
	at org.testng.TestNG.runSuitesSequentially(TestNG.java:1199)
	at org.testng.TestNG.runSuitesLocally(TestNG.java:1124)
	at org.testng.TestNG.run(TestNG.java:1032)
	at org.apache.maven.surefire.testng.TestNGExecutor.run(TestNGExecutor.java:217)
	at org.apache.maven.surefire.testng.TestNGXmlTestSuite.execute(TestNGXmlTestSuite.java:84)
	at org.apache.maven.surefire.testng.TestNGProvider.invoke(TestNGProvider.java:92)
	at org.apache.maven.surefire.booter.ForkedBooter.invokeProviderInSameClassLoader(ForkedBooter.java:200)
	at org.apache.maven.surefire.booter.ForkedBooter.runSuitesInProcess(ForkedBooter.java:153)
	at org.apache.maven.surefire.booter.ForkedBooter.main(ForkedBooter.java:103)
Caused by: org.openqa.selenium.firefox.NotConnectedException: Unable to connect to host 127.0.0.1 on port 7055 after 45000 ms. Firefox console output:
g and malware sites, improving your browsing overall browsing experience with crowd sourced web reputation rating.","creator":"AVAST Software","homepageURL":"http://www.avast.com/"},"visible":true,"active":false,"userDisabled":true,"appDisabled":false,"descriptor":"C:\\Program Files\\AVAST Software\\Avast\\WebRep\\FF","installDate":1448811328084,"updateDate":1448811328084,"applyBackgroundUpdates":1,"bootstrap":true,"size":2176873,"sourceURI":null,"releaseNotesURI":null,"softDisabled":false,"foreignInstall":true,"hasBinaryComponents":false,"strictCompatibility":false,"locales":[],"targetApplications":[{"id":"{ec8030f7-c20a-464f-9b0e-13a3a9e97384}","minVersion":"38.0a1","maxVersion":"43.0"}],"targetPlatforms":[],"multiprocessCompatible":false,"signedState":2}
1454785305307	addons.xpi	DEBUG	Updating XPIState for {"id":"sp@avast.com","syncGUID":"63x86W2rY4Tx","location":"winreg-app-global","version":"10.3.5.13","type":"extension","internalName":null,"updateURL":null,"updateKey":null,"optionsURL":null,"optionsType":null,"aboutURL":null,"icons":{},"iconURL":"chrome://sp/content/common/skin/img/logo-safeprice-48.png","icon64URL":null,"defaultLocale":{"name":"Avast SafePrice","description":"Safe shopping extension","creator":"AVAST Software","homepageURL":"http://www.avast.com/"},"visible":true,"active":false,"userDisabled":true,"appDisabled":false,"descriptor":"C:\\Program Files\\AVAST Software\\Avast\\SafePrice\\FF","installDate":1448811113757,"updateDate":1448811113757,"applyBackgroundUpdates":1,"bootstrap":true,"size":1879523,"sourceURI":null,"releaseNotesURI":null,"softDisabled":false,"foreignInstall":true,"hasBinaryComponents":false,"strictCompatibility":false,"locales":[],"targetApplications":[{"id":"{ec8030f7-c20a-464f-9b0e-13a3a9e97384}","minVersion":"38.0a1","maxVersion":"43.0"}],"targetPlatforms":[],"multiprocessCompatible":false,"signedState":2}
1454785305307	DeferredSave.extensions.json	DEBUG	Save changes
1454785305308	addons.xpi	DEBUG	Updating database with changes to installed add-ons
1454785305308	addons.xpi-utils	DEBUG	Updating add-on states
1454785305309	addons.xpi-utils	DEBUG	Writing add-ons list
1454785305316	addons.manager	DEBUG	Registering shutdown blocker for XPIProvider
1454785305316	addons.manager	DEBUG	Provider finished startup: XPIProvider
1454785305316	addons.manager	DEBUG	Starting provider: LightweightThemeManager
1454785305316	addons.manager	DEBUG	Registering shutdown blocker for LightweightThemeManager
1454785305317	addons.manager	DEBUG	Provider finished startup: LightweightThemeManager
1454785305317	addons.manager	DEBUG	Starting provider: GMPProvider
1454785305326	addons.manager	DEBUG	Registering shutdown blocker for GMPProvider
1454785305326	addons.manager	DEBUG	Provider finished startup: GMPProvider
1454785305326	addons.manager	DEBUG	Starting provider: PluginProvider
1454785305327	addons.manager	DEBUG	Registering shutdown blocker for PluginProvider
1454785305327	addons.manager	DEBUG	Provider finished startup: PluginProvider
1454785305327	addons.manager	DEBUG	Completed startup sequence
1454785308878	addons.manager	DEBUG	Starting provider: <unnamed-provider>
1454785308879	addons.manager	DEBUG	Registering shutdown blocker for <unnamed-provider>
1454785308882	addons.manager	DEBUG	Provider finished startup: <unnamed-provider>
1454785310646	DeferredSave.extensions.json	DEBUG	Starting timer
1454785310684	DeferredSave.extensions.json	DEBUG	Starting write
1454785310959	addons.repository	DEBUG	No addons.json found.
1454785310959	DeferredSave.addons.json	DEBUG	Save changes
1454785311005	DeferredSave.addons.json	DEBUG	Starting timer
1454785311117	addons.manager	DEBUG	Starting provider: PreviousExperimentProvider
1454785311117	addons.manager	DEBUG	Registering shutdown blocker for PreviousExperimentProvider
1454785311117	addons.manager	DEBUG	Provider finished startup: PreviousExperimentProvider
1454785311134	DeferredSave.addons.json	DEBUG	Starting write
1454785311233	DeferredSave.extensions.json	DEBUG	Write succeeded
1454785313289	DeferredSave.addons.json	DEBUG	Write succeeded

	at org.openqa.selenium.firefox.internal.NewProfileExtensionConnection.start(NewProfileExtensionConnection.java:120)
	... 39 more
]]>
    </error>
  </testcase> <!-- testH1Existing -->
</testsuite> <!-- eabramovich.HomePageTest -->
