<?xml version="1.0" encoding="UTF-8"?>
<!-- Generated by org.testng.reporters.JUnitReportReporter -->
<testsuite hostname="Evgenia-PC" name="eabramovich.LoginTest" tests="1" failures="0" timestamp="9 Feb 2016 20:48:01 GMT" time="9.265" errors="0">
  <testcase name="testUntitled" time="9.265" classname="eabramovich.LoginTest"/>
</testsuite> <!-- eabramovich.LoginTest -->
