<?xml version="1.0" encoding="UTF-8"?>
<!-- Generated by org.testng.reporters.JUnitReportReporter -->
<testsuite hostname="Evgenia-PC" name="eabramovich.LoginTest" tests="1" failures="0" timestamp="8 Feb 2016 20:18:13 GMT" time="3.407" errors="0">
  <testcase name="testUntitled" time="3.407" classname="eabramovich.LoginTest"/>
</testsuite> <!-- eabramovich.LoginTest -->
